2024-10-28 14:48:53 - Starting UnikFormaApplication using Java 22.0.2 on DESKTOP-KCR8P9P with PID 27916 (C:\Users\douae\IdeaProjects\unikForma\target\classes started by douae in C:\Users\douae\IdeaProjects\unikForma)
2024-10-28 14:48:53 - No active profile set, falling back to 1 default profile: "default"
2024-10-28 14:48:53 - Devtools property defaults active! Set 'spring.devtools.add-properties' to 'false' to disable
2024-10-28 14:48:53 - For additional web related logging consider setting the 'logging.level.web' property to 'DEBUG'
2024-10-28 14:48:53 - Bootstrapping Spring Data JPA repositories in DEFAULT mode.
2024-10-28 14:48:53 - Finished Spring Data repository scanning in 4 ms. Found 0 JPA repository interfaces.
2024-10-28 14:48:54 - Tomcat initialized with port(s): 8080 (http)
2024-10-28 14:48:54 - Initializing ProtocolHandler ["http-nio-8080"]
2024-10-28 14:48:54 - Starting service [Tomcat]
2024-10-28 14:48:54 - Starting Servlet engine: [Apache Tomcat/9.0.83]
2024-10-28 14:48:54 - Initializing Spring embedded WebApplicationContext
2024-10-28 14:48:54 - Root WebApplicationContext: initialization completed in 1318 ms
2024-10-28 14:48:54 - HikariPool-1 - Starting...
2024-10-28 14:48:54 - HikariPool-1 - Start completed.
2024-10-28 14:48:54 - H2 console available at '/h2-console'. Database available at 'jdbc:h2:mem:a95135f2-12d1-4ac5-8ebf-7466dbc0375b'
2024-10-28 14:48:54 - HHH000204: Processing PersistenceUnitInfo [name: default]
2024-10-28 14:48:54 - HHH000412: Hibernate ORM core version 5.6.15.Final
2024-10-28 14:48:55 - HCANN000001: Hibernate Commons Annotations {5.1.2.Final}
2024-10-28 14:48:55 - HHH000400: Using dialect: org.hibernate.dialect.H2Dialect
2024-10-28 14:48:55 - HHH000490: Using JtaPlatform implementation: [org.hibernate.engine.transaction.jta.platform.internal.NoJtaPlatform]
2024-10-28 14:48:55 - Initialized JPA EntityManagerFactory for persistence unit 'default'
2024-10-28 14:48:55 - spring.jpa.open-in-view is enabled by default. Therefore, database queries may be performed during view rendering. Explicitly configure spring.jpa.open-in-view to disable this warning
2024-10-28 14:48:56 - LiveReload server is running on port 35729
2024-10-28 14:48:56 - Starting ProtocolHandler ["http-nio-8080"]
2024-10-28 14:48:56 - Tomcat started on port(s): 8080 (http) with context path ''
2024-10-28 14:48:56 - Started UnikFormaApplication in 3.816 seconds (JVM running for 4.737)
2024-10-28 14:48:56 - Test logger
2024-10-28 14:57:10 - Closing JPA EntityManagerFactory for persistence unit 'default'
2024-10-28 14:57:10 - HHH000477: Starting delayed evictData of schema as part of SessionFactory shut-down'
2024-10-28 14:57:11 - Invocation of destroy method failed on bean with name 'inMemoryDatabaseShutdownExecutor': org.h2.jdbc.JdbcSQLNonTransientConnectionException: Database is already closed (to disable automatic closing at VM shutdown, add ";DB_CLOSE_ON_EXIT=FALSE" to the db URL) [90121-214]
2024-10-28 14:57:11 - HikariPool-1 - Shutdown initiated...
2024-10-28 14:57:11 - HikariPool-1 - Shutdown completed.
2024-10-28 16:09:34 - Starting UnikFormaApplication using Java 22.0.2 on DESKTOP-KCR8P9P with PID 328 (C:\Users\douae\IdeaProjects\unikForma\target\classes started by douae in C:\Users\douae\IdeaProjects\unikForma)
2024-10-28 16:09:34 - The following 1 profile is active: "development"
2024-10-28 16:09:34 - Devtools property defaults active! Set 'spring.devtools.add-properties' to 'false' to disable
2024-10-28 16:09:34 - For additional web related logging consider setting the 'logging.level.web' property to 'DEBUG'
2024-10-28 16:09:34 - Bootstrapping Spring Data JPA repositories in DEFAULT mode.
2024-10-28 16:09:34 - Finished Spring Data repository scanning in 4 ms. Found 0 JPA repository interfaces.
2024-10-28 16:09:35 - Tomcat initialized with port(s): 8080 (http)
2024-10-28 16:09:35 - Initializing ProtocolHandler ["http-nio-8080"]
2024-10-28 16:09:35 - Starting service [Tomcat]
2024-10-28 16:09:35 - Starting Servlet engine: [Apache Tomcat/9.0.83]
2024-10-28 16:09:35 - Initializing Spring embedded WebApplicationContext
2024-10-28 16:09:35 - Root WebApplicationContext: initialization completed in 1106 ms
2024-10-28 16:09:35 - HikariPool-1 - Starting...
2024-10-28 16:09:35 - HikariPool-1 - Start completed.
2024-10-28 16:09:35 - H2 console available at '/h2-console'. Database available at 'jdbc:h2:mem:devdb'
2024-10-28 16:09:35 - HHH000204: Processing PersistenceUnitInfo [name: default]
2024-10-28 16:09:35 - HHH000412: Hibernate ORM core version 5.6.15.Final
2024-10-28 16:09:36 - HCANN000001: Hibernate Commons Annotations {5.1.2.Final}
2024-10-28 16:09:36 - HHH000400: Using dialect: org.hibernate.dialect.H2Dialect
2024-10-28 16:09:36 - HHH000490: Using JtaPlatform implementation: [org.hibernate.engine.transaction.jta.platform.internal.NoJtaPlatform]
2024-10-28 16:09:36 - Initialized JPA EntityManagerFactory for persistence unit 'default'
2024-10-28 16:09:36 - spring.jpa.open-in-view is enabled by default. Therefore, database queries may be performed during view rendering. Explicitly configure spring.jpa.open-in-view to disable this warning
2024-10-28 16:09:37 - LiveReload server is running on port 35729
2024-10-28 16:09:37 - Starting ProtocolHandler ["http-nio-8080"]
2024-10-28 16:09:37 - Tomcat started on port(s): 8080 (http) with context path ''
2024-10-28 16:09:37 - Started UnikFormaApplication in 3.108 seconds (JVM running for 3.843)
2024-10-28 16:09:37 - Application has started successfully.
2024-10-28 16:10:50 - Closing JPA EntityManagerFactory for persistence unit 'default'
2024-10-28 16:10:50 - Invocation of destroy method failed on bean with name 'inMemoryDatabaseShutdownExecutor': org.h2.jdbc.JdbcSQLNonTransientConnectionException: Database is already closed (to disable automatic closing at VM shutdown, add ";DB_CLOSE_ON_EXIT=FALSE" to the db URL) [90121-214]
2024-10-28 16:10:50 - HikariPool-1 - Shutdown initiated...
2024-10-28 16:10:50 - HikariPool-1 - Shutdown completed.
2024-10-28 16:10:53 - Starting UnikFormaApplication using Java 22.0.2 on DESKTOP-KCR8P9P with PID 22452 (C:\Users\douae\IdeaProjects\unikForma\target\classes started by douae in C:\Users\douae\IdeaProjects\unikForma)
2024-10-28 16:10:53 - The following 1 profile is active: "production"
2024-10-28 16:10:53 - Devtools property defaults active! Set 'spring.devtools.add-properties' to 'false' to disable
2024-10-28 16:10:53 - For additional web related logging consider setting the 'logging.level.web' property to 'DEBUG'
2024-10-28 16:10:53 - Bootstrapping Spring Data JPA repositories in DEFAULT mode.
2024-10-28 16:10:53 - Finished Spring Data repository scanning in 4 ms. Found 0 JPA repository interfaces.
2024-10-28 16:10:54 - Tomcat initialized with port(s): 8080 (http)
2024-10-28 16:10:54 - Initializing ProtocolHandler ["http-nio-8080"]
2024-10-28 16:10:54 - Starting service [Tomcat]
2024-10-28 16:10:54 - Starting Servlet engine: [Apache Tomcat/9.0.83]
2024-10-28 16:10:54 - Initializing Spring embedded WebApplicationContext
2024-10-28 16:10:54 - Root WebApplicationContext: initialization completed in 1053 ms
2024-10-28 16:10:54 - HikariPool-1 - Starting...
2024-10-28 16:10:54 - HikariPool-1 - Start completed.
2024-10-28 16:10:54 - H2 console available at '/h2-console'. Database available at 'jdbc:postgresql://localhost:5432/unikforma'
2024-10-28 16:10:54 - HHH000204: Processing PersistenceUnitInfo [name: default]
2024-10-28 16:10:54 - HHH000412: Hibernate ORM core version 5.6.15.Final
2024-10-28 16:10:55 - HCANN000001: Hibernate Commons Annotations {5.1.2.Final}
2024-10-28 16:10:55 - HHH000400: Using dialect: org.hibernate.dialect.PostgreSQLDialect
2024-10-28 16:10:55 - HHH000490: Using JtaPlatform implementation: [org.hibernate.engine.transaction.jta.platform.internal.NoJtaPlatform]
2024-10-28 16:10:55 - Initialized JPA EntityManagerFactory for persistence unit 'default'
2024-10-28 16:10:55 - spring.jpa.open-in-view is enabled by default. Therefore, database queries may be performed during view rendering. Explicitly configure spring.jpa.open-in-view to disable this warning
2024-10-28 16:10:56 - LiveReload server is running on port 35729
2024-10-28 16:10:56 - Starting ProtocolHandler ["http-nio-8080"]
2024-10-28 16:10:56 - Tomcat started on port(s): 8080 (http) with context path ''
2024-10-28 16:10:56 - Started UnikFormaApplication in 3.078 seconds (JVM running for 3.776)
2024-10-28 16:10:56 - Application has started successfully.
2024-10-28 16:12:00 - Closing JPA EntityManagerFactory for persistence unit 'default'
2024-10-28 16:12:00 - HikariPool-1 - Shutdown initiated...
2024-10-28 16:12:00 - HikariPool-1 - Shutdown completed.
2024-10-28 16:45:39 - HV000001: Hibernate Validator 6.2.5.Final
2024-10-28 16:45:39 - Starting UnikFormaApplication using Java 22.0.2 on DESKTOP-KCR8P9P with PID 21644 (C:\Users\douae\IdeaProjects\unikForma\target\classes started by douae in C:\Users\douae\IdeaProjects\unikForma)
2024-10-28 16:45:39 - The following 1 profile is active: "production"
2024-10-28 16:45:39 - Devtools property defaults active! Set 'spring.devtools.add-properties' to 'false' to disable
2024-10-28 16:45:39 - For additional web related logging consider setting the 'logging.level.web' property to 'DEBUG'
2024-10-28 16:45:40 - Bootstrapping Spring Data JPA repositories in DEFAULT mode.
2024-10-28 16:45:40 - Finished Spring Data repository scanning in 35 ms. Found 1 JPA repository interfaces.
2024-10-28 16:45:40 - Tomcat initialized with port(s): 8080 (http)
2024-10-28 16:45:40 - Initializing ProtocolHandler ["http-nio-8080"]
2024-10-28 16:45:40 - Starting service [Tomcat]
2024-10-28 16:45:40 - Starting Servlet engine: [Apache Tomcat/9.0.83]
2024-10-28 16:45:40 - Initializing Spring embedded WebApplicationContext
2024-10-28 16:45:40 - Root WebApplicationContext: initialization completed in 1344 ms
2024-10-28 16:45:41 - HikariPool-1 - Starting...
2024-10-28 16:45:41 - HikariPool-1 - Start completed.
2024-10-28 16:45:41 - H2 console available at '/h2-console'. Database available at 'jdbc:postgresql://localhost:5432/unikforma'
2024-10-28 16:45:41 - HHH000204: Processing PersistenceUnitInfo [name: default]
2024-10-28 16:45:41 - HHH000412: Hibernate ORM core version 5.6.15.Final
2024-10-28 16:45:41 - HCANN000001: Hibernate Commons Annotations {5.1.2.Final}
2024-10-28 16:45:41 - HHH000400: Using dialect: org.hibernate.dialect.PostgreSQLDialect
2024-10-28 16:45:42 - Failed to initialize JPA EntityManagerFactory: [PersistenceUnit: default] Unable to build Hibernate SessionFactory; nested exception is org.hibernate.tool.schema.spi.SchemaManagementException: Schema-validation: missing table [course]
2024-10-28 16:45:42 - Exception encountered during context initialization - cancelling refresh attempt: org.springframework.beans.factory.BeanCreationException: Error creating bean with name 'entityManagerFactory' defined in class path resource [org/springframework/boot/autoconfigure/orm/jpa/HibernateJpaConfiguration.class]: Invocation of init method failed; nested exception is javax.persistence.PersistenceException: [PersistenceUnit: default] Unable to build Hibernate SessionFactory; nested exception is org.hibernate.tool.schema.spi.SchemaManagementException: Schema-validation: missing table [course]
2024-10-28 16:45:42 - HikariPool-1 - Shutdown initiated...
2024-10-28 16:45:42 - HikariPool-1 - Shutdown completed.
2024-10-28 16:45:42 - Stopping service [Tomcat]
2024-10-28 16:45:42 - 

Error starting ApplicationContext. To display the conditions report re-run your application with 'debug' enabled.
2024-10-28 16:45:42 - Application run failed
org.springframework.beans.factory.BeanCreationException: Error creating bean with name 'entityManagerFactory' defined in class path resource [org/springframework/boot/autoconfigure/orm/jpa/HibernateJpaConfiguration.class]: Invocation of init method failed; nested exception is javax.persistence.PersistenceException: [PersistenceUnit: default] Unable to build Hibernate SessionFactory; nested exception is org.hibernate.tool.schema.spi.SchemaManagementException: Schema-validation: missing table [course]
	at org.springframework.beans.factory.support.AbstractAutowireCapableBeanFactory.initializeBean(AbstractAutowireCapableBeanFactory.java:1804)
	at org.springframework.beans.factory.support.AbstractAutowireCapableBeanFactory.doCreateBean(AbstractAutowireCapableBeanFactory.java:620)
	at org.springframework.beans.factory.support.AbstractAutowireCapableBeanFactory.createBean(AbstractAutowireCapableBeanFactory.java:542)
	at org.springframework.beans.factory.support.AbstractBeanFactory.lambda$doGetBean$0(AbstractBeanFactory.java:335)
	at org.springframework.beans.factory.support.DefaultSingletonBeanRegistry.getSingleton(DefaultSingletonBeanRegistry.java:234)
	at org.springframework.beans.factory.support.AbstractBeanFactory.doGetBean(AbstractBeanFactory.java:333)
	at org.springframework.beans.factory.support.AbstractBeanFactory.getBean(AbstractBeanFactory.java:208)
	at org.springframework.context.support.AbstractApplicationContext.getBean(AbstractApplicationContext.java:1168)
	at org.springframework.context.support.AbstractApplicationContext.finishBeanFactoryInitialization(AbstractApplicationContext.java:919)
	at org.springframework.context.support.AbstractApplicationContext.refresh(AbstractApplicationContext.java:591)
	at org.springframework.boot.web.servlet.context.ServletWebServerApplicationContext.refresh(ServletWebServerApplicationContext.java:147)
	at org.springframework.boot.SpringApplication.refresh(SpringApplication.java:732)
	at org.springframework.boot.SpringApplication.refreshContext(SpringApplication.java:409)
	at org.springframework.boot.SpringApplication.run(SpringApplication.java:308)
	at org.springframework.boot.SpringApplication.run(SpringApplication.java:1300)
	at org.springframework.boot.SpringApplication.run(SpringApplication.java:1289)
	at com.unik.unikForma.UnikFormaApplication.main(UnikFormaApplication.java:15)
	at java.base/jdk.internal.reflect.DirectMethodHandleAccessor.invoke(DirectMethodHandleAccessor.java:103)
	at java.base/java.lang.reflect.Method.invoke(Method.java:580)
	at org.springframework.boot.devtools.restart.RestartLauncher.run(RestartLauncher.java:50)
Caused by: javax.persistence.PersistenceException: [PersistenceUnit: default] Unable to build Hibernate SessionFactory; nested exception is org.hibernate.tool.schema.spi.SchemaManagementException: Schema-validation: missing table [course]
	at org.springframework.orm.jpa.AbstractEntityManagerFactoryBean.buildNativeEntityManagerFactory(AbstractEntityManagerFactoryBean.java:421)
	at org.springframework.orm.jpa.AbstractEntityManagerFactoryBean.afterPropertiesSet(AbstractEntityManagerFactoryBean.java:396)
	at org.springframework.orm.jpa.LocalContainerEntityManagerFactoryBean.afterPropertiesSet(LocalContainerEntityManagerFactoryBean.java:341)
	at org.springframework.beans.factory.support.AbstractAutowireCapableBeanFactory.invokeInitMethods(AbstractAutowireCapableBeanFactory.java:1863)
	at org.springframework.beans.factory.support.AbstractAutowireCapableBeanFactory.initializeBean(AbstractAutowireCapableBeanFactory.java:1800)
	... 19 common frames omitted
Caused by: org.hibernate.tool.schema.spi.SchemaManagementException: Schema-validation: missing table [course]
	at org.hibernate.tool.schema.internal.AbstractSchemaValidator.validateTable(AbstractSchemaValidator.java:129)
	at org.hibernate.tool.schema.internal.GroupedSchemaValidatorImpl.validateTables(GroupedSchemaValidatorImpl.java:42)
	at org.hibernate.tool.schema.internal.AbstractSchemaValidator.performValidation(AbstractSchemaValidator.java:97)
	at org.hibernate.tool.schema.internal.AbstractSchemaValidator.doValidation(AbstractSchemaValidator.java:76)
	at org.hibernate.tool.schema.spi.SchemaManagementToolCoordinator.performDatabaseAction(SchemaManagementToolCoordinator.java:204)
	at org.hibernate.tool.schema.spi.SchemaManagementToolCoordinator.process(SchemaManagementToolCoordinator.java:85)
	at org.hibernate.internal.SessionFactoryImpl.<init>(SessionFactoryImpl.java:335)
	at org.hibernate.boot.internal.SessionFactoryBuilderImpl.build(SessionFactoryBuilderImpl.java:471)
	at org.hibernate.jpa.boot.internal.EntityManagerFactoryBuilderImpl.build(EntityManagerFactoryBuilderImpl.java:1498)
	at org.springframework.orm.jpa.vendor.SpringHibernateJpaPersistenceProvider.createContainerEntityManagerFactory(SpringHibernateJpaPersistenceProvider.java:58)
	at org.springframework.orm.jpa.LocalContainerEntityManagerFactoryBean.createNativeEntityManagerFactory(LocalContainerEntityManagerFactoryBean.java:365)
	at org.springframework.orm.jpa.AbstractEntityManagerFactoryBean.buildNativeEntityManagerFactory(AbstractEntityManagerFactoryBean.java:409)
	... 23 common frames omitted
2024-10-28 16:46:36 - HV000001: Hibernate Validator 6.2.5.Final
2024-10-28 16:46:36 - Starting UnikFormaApplication using Java 1.8.0_422-422 on DESKTOP-KCR8P9P with PID 6304 (C:\Users\douae\IdeaProjects\unikForma\target\classes started by douae in C:\Users\douae\IdeaProjects\unikForma)
2024-10-28 16:46:36 - The following 1 profile is active: "production"
2024-10-28 16:46:36 - Devtools property defaults active! Set 'spring.devtools.add-properties' to 'false' to disable
2024-10-28 16:46:36 - For additional web related logging consider setting the 'logging.level.web' property to 'DEBUG'
2024-10-28 16:46:36 - Bootstrapping Spring Data JPA repositories in DEFAULT mode.
2024-10-28 16:46:37 - Finished Spring Data repository scanning in 33 ms. Found 1 JPA repository interfaces.
2024-10-28 16:46:37 - Tomcat initialized with port(s): 8080 (http)
2024-10-28 16:46:37 - Initializing ProtocolHandler ["http-nio-8080"]
2024-10-28 16:46:37 - Starting service [Tomcat]
2024-10-28 16:46:37 - Starting Servlet engine: [Apache Tomcat/9.0.83]
2024-10-28 16:46:37 - Initializing Spring embedded WebApplicationContext
2024-10-28 16:46:37 - Root WebApplicationContext: initialization completed in 1104 ms
2024-10-28 16:46:37 - HikariPool-1 - Starting...
2024-10-28 16:46:37 - HikariPool-1 - Start completed.
2024-10-28 16:46:37 - H2 console available at '/h2-console'. Database available at 'jdbc:postgresql://localhost:5432/unikforma'
2024-10-28 16:46:37 - HHH000204: Processing PersistenceUnitInfo [name: default]
2024-10-28 16:46:38 - HHH000412: Hibernate ORM core version 5.6.15.Final
2024-10-28 16:46:38 - HCANN000001: Hibernate Commons Annotations {5.1.2.Final}
2024-10-28 16:46:38 - HHH000400: Using dialect: org.hibernate.dialect.PostgreSQLDialect
2024-10-28 16:46:38 - Failed to initialize JPA EntityManagerFactory: [PersistenceUnit: default] Unable to build Hibernate SessionFactory; nested exception is org.hibernate.tool.schema.spi.SchemaManagementException: Schema-validation: missing table [course]
2024-10-28 16:46:38 - Exception encountered during context initialization - cancelling refresh attempt: org.springframework.beans.factory.BeanCreationException: Error creating bean with name 'entityManagerFactory' defined in class path resource [org/springframework/boot/autoconfigure/orm/jpa/HibernateJpaConfiguration.class]: Invocation of init method failed; nested exception is javax.persistence.PersistenceException: [PersistenceUnit: default] Unable to build Hibernate SessionFactory; nested exception is org.hibernate.tool.schema.spi.SchemaManagementException: Schema-validation: missing table [course]
2024-10-28 16:46:38 - HikariPool-1 - Shutdown initiated...
2024-10-28 16:46:38 - HikariPool-1 - Shutdown completed.
2024-10-28 16:46:38 - Stopping service [Tomcat]
2024-10-28 16:46:38 - 

Error starting ApplicationContext. To display the conditions report re-run your application with 'debug' enabled.
2024-10-28 16:46:38 - Application run failed
org.springframework.beans.factory.BeanCreationException: Error creating bean with name 'entityManagerFactory' defined in class path resource [org/springframework/boot/autoconfigure/orm/jpa/HibernateJpaConfiguration.class]: Invocation of init method failed; nested exception is javax.persistence.PersistenceException: [PersistenceUnit: default] Unable to build Hibernate SessionFactory; nested exception is org.hibernate.tool.schema.spi.SchemaManagementException: Schema-validation: missing table [course]
	at org.springframework.beans.factory.support.AbstractAutowireCapableBeanFactory.initializeBean(AbstractAutowireCapableBeanFactory.java:1804)
	at org.springframework.beans.factory.support.AbstractAutowireCapableBeanFactory.doCreateBean(AbstractAutowireCapableBeanFactory.java:620)
	at org.springframework.beans.factory.support.AbstractAutowireCapableBeanFactory.createBean(AbstractAutowireCapableBeanFactory.java:542)
	at org.springframework.beans.factory.support.AbstractBeanFactory.lambda$doGetBean$0(AbstractBeanFactory.java:335)
	at org.springframework.beans.factory.support.DefaultSingletonBeanRegistry.getSingleton(DefaultSingletonBeanRegistry.java:234)
	at org.springframework.beans.factory.support.AbstractBeanFactory.doGetBean(AbstractBeanFactory.java:333)
	at org.springframework.beans.factory.support.AbstractBeanFactory.getBean(AbstractBeanFactory.java:208)
	at org.springframework.context.support.AbstractApplicationContext.getBean(AbstractApplicationContext.java:1168)
	at org.springframework.context.support.AbstractApplicationContext.finishBeanFactoryInitialization(AbstractApplicationContext.java:919)
	at org.springframework.context.support.AbstractApplicationContext.refresh(AbstractApplicationContext.java:591)
	at org.springframework.boot.web.servlet.context.ServletWebServerApplicationContext.refresh(ServletWebServerApplicationContext.java:147)
	at org.springframework.boot.SpringApplication.refresh(SpringApplication.java:732)
	at org.springframework.boot.SpringApplication.refreshContext(SpringApplication.java:409)
	at org.springframework.boot.SpringApplication.run(SpringApplication.java:308)
	at org.springframework.boot.SpringApplication.run(SpringApplication.java:1300)
	at org.springframework.boot.SpringApplication.run(SpringApplication.java:1289)
	at com.unik.unikForma.UnikFormaApplication.main(UnikFormaApplication.java:15)
	at sun.reflect.NativeMethodAccessorImpl.invoke0(Native Method)
	at sun.reflect.NativeMethodAccessorImpl.invoke(NativeMethodAccessorImpl.java:62)
	at sun.reflect.DelegatingMethodAccessorImpl.invoke(DelegatingMethodAccessorImpl.java:43)
	at java.lang.reflect.Method.invoke(Method.java:498)
	at org.springframework.boot.devtools.restart.RestartLauncher.run(RestartLauncher.java:50)
Caused by: javax.persistence.PersistenceException: [PersistenceUnit: default] Unable to build Hibernate SessionFactory; nested exception is org.hibernate.tool.schema.spi.SchemaManagementException: Schema-validation: missing table [course]
	at org.springframework.orm.jpa.AbstractEntityManagerFactoryBean.buildNativeEntityManagerFactory(AbstractEntityManagerFactoryBean.java:421)
	at org.springframework.orm.jpa.AbstractEntityManagerFactoryBean.afterPropertiesSet(AbstractEntityManagerFactoryBean.java:396)
	at org.springframework.orm.jpa.LocalContainerEntityManagerFactoryBean.afterPropertiesSet(LocalContainerEntityManagerFactoryBean.java:341)
	at org.springframework.beans.factory.support.AbstractAutowireCapableBeanFactory.invokeInitMethods(AbstractAutowireCapableBeanFactory.java:1863)
	at org.springframework.beans.factory.support.AbstractAutowireCapableBeanFactory.initializeBean(AbstractAutowireCapableBeanFactory.java:1800)
	... 21 common frames omitted
Caused by: org.hibernate.tool.schema.spi.SchemaManagementException: Schema-validation: missing table [course]
	at org.hibernate.tool.schema.internal.AbstractSchemaValidator.validateTable(AbstractSchemaValidator.java:129)
	at org.hibernate.tool.schema.internal.GroupedSchemaValidatorImpl.validateTables(GroupedSchemaValidatorImpl.java:42)
	at org.hibernate.tool.schema.internal.AbstractSchemaValidator.performValidation(AbstractSchemaValidator.java:97)
	at org.hibernate.tool.schema.internal.AbstractSchemaValidator.doValidation(AbstractSchemaValidator.java:76)
	at org.hibernate.tool.schema.spi.SchemaManagementToolCoordinator.performDatabaseAction(SchemaManagementToolCoordinator.java:204)
	at org.hibernate.tool.schema.spi.SchemaManagementToolCoordinator.process(SchemaManagementToolCoordinator.java:85)
	at org.hibernate.internal.SessionFactoryImpl.<init>(SessionFactoryImpl.java:335)
	at org.hibernate.boot.internal.SessionFactoryBuilderImpl.build(SessionFactoryBuilderImpl.java:471)
	at org.hibernate.jpa.boot.internal.EntityManagerFactoryBuilderImpl.build(EntityManagerFactoryBuilderImpl.java:1498)
	at org.springframework.orm.jpa.vendor.SpringHibernateJpaPersistenceProvider.createContainerEntityManagerFactory(SpringHibernateJpaPersistenceProvider.java:58)
	at org.springframework.orm.jpa.LocalContainerEntityManagerFactoryBean.createNativeEntityManagerFactory(LocalContainerEntityManagerFactoryBean.java:365)
	at org.springframework.orm.jpa.AbstractEntityManagerFactoryBean.buildNativeEntityManagerFactory(AbstractEntityManagerFactoryBean.java:409)
	... 25 common frames omitted
2024-10-28 16:47:59 - HV000001: Hibernate Validator 6.2.5.Final
2024-10-28 16:47:59 - Starting UnikFormaApplication using Java 22.0.2 on DESKTOP-KCR8P9P with PID 10800 (C:\Users\douae\IdeaProjects\unikForma\target\classes started by douae in C:\Users\douae\IdeaProjects\unikForma)
2024-10-28 16:47:59 - The following 1 profile is active: "production"
2024-10-28 16:47:59 - Devtools property defaults active! Set 'spring.devtools.add-properties' to 'false' to disable
2024-10-28 16:47:59 - For additional web related logging consider setting the 'logging.level.web' property to 'DEBUG'
2024-10-28 16:48:00 - Bootstrapping Spring Data JPA repositories in DEFAULT mode.
2024-10-28 16:48:00 - Finished Spring Data repository scanning in 28 ms. Found 1 JPA repository interfaces.
2024-10-28 16:48:00 - Tomcat initialized with port(s): 8080 (http)
2024-10-28 16:48:00 - Initializing ProtocolHandler ["http-nio-8080"]
2024-10-28 16:48:00 - Starting service [Tomcat]
2024-10-28 16:48:00 - Starting Servlet engine: [Apache Tomcat/9.0.83]
2024-10-28 16:48:00 - Initializing Spring embedded WebApplicationContext
2024-10-28 16:48:00 - Root WebApplicationContext: initialization completed in 1231 ms
2024-10-28 16:48:01 - HikariPool-1 - Starting...
2024-10-28 16:48:01 - HikariPool-1 - Start completed.
2024-10-28 16:48:01 - H2 console available at '/h2-console'. Database available at 'jdbc:postgresql://localhost:5432/unikforma'
2024-10-28 16:48:01 - HHH000204: Processing PersistenceUnitInfo [name: default]
2024-10-28 16:48:01 - HHH000412: Hibernate ORM core version 5.6.15.Final
2024-10-28 16:48:01 - HCANN000001: Hibernate Commons Annotations {5.1.2.Final}
2024-10-28 16:48:01 - HHH000400: Using dialect: org.hibernate.dialect.PostgreSQLDialect
2024-10-28 16:48:01 - Failed to initialize JPA EntityManagerFactory: [PersistenceUnit: default] Unable to build Hibernate SessionFactory; nested exception is org.hibernate.tool.schema.spi.SchemaManagementException: Schema-validation: missing table [course]
2024-10-28 16:48:01 - Exception encountered during context initialization - cancelling refresh attempt: org.springframework.beans.factory.BeanCreationException: Error creating bean with name 'entityManagerFactory' defined in class path resource [org/springframework/boot/autoconfigure/orm/jpa/HibernateJpaConfiguration.class]: Invocation of init method failed; nested exception is javax.persistence.PersistenceException: [PersistenceUnit: default] Unable to build Hibernate SessionFactory; nested exception is org.hibernate.tool.schema.spi.SchemaManagementException: Schema-validation: missing table [course]
2024-10-28 16:48:01 - HikariPool-1 - Shutdown initiated...
2024-10-28 16:48:01 - HikariPool-1 - Shutdown completed.
2024-10-28 16:48:01 - Stopping service [Tomcat]
2024-10-28 16:48:01 - 

Error starting ApplicationContext. To display the conditions report re-run your application with 'debug' enabled.
2024-10-28 16:48:01 - Application run failed
org.springframework.beans.factory.BeanCreationException: Error creating bean with name 'entityManagerFactory' defined in class path resource [org/springframework/boot/autoconfigure/orm/jpa/HibernateJpaConfiguration.class]: Invocation of init method failed; nested exception is javax.persistence.PersistenceException: [PersistenceUnit: default] Unable to build Hibernate SessionFactory; nested exception is org.hibernate.tool.schema.spi.SchemaManagementException: Schema-validation: missing table [course]
	at org.springframework.beans.factory.support.AbstractAutowireCapableBeanFactory.initializeBean(AbstractAutowireCapableBeanFactory.java:1804)
	at org.springframework.beans.factory.support.AbstractAutowireCapableBeanFactory.doCreateBean(AbstractAutowireCapableBeanFactory.java:620)
	at org.springframework.beans.factory.support.AbstractAutowireCapableBeanFactory.createBean(AbstractAutowireCapableBeanFactory.java:542)
	at org.springframework.beans.factory.support.AbstractBeanFactory.lambda$doGetBean$0(AbstractBeanFactory.java:335)
	at org.springframework.beans.factory.support.DefaultSingletonBeanRegistry.getSingleton(DefaultSingletonBeanRegistry.java:234)
	at org.springframework.beans.factory.support.AbstractBeanFactory.doGetBean(AbstractBeanFactory.java:333)
	at org.springframework.beans.factory.support.AbstractBeanFactory.getBean(AbstractBeanFactory.java:208)
	at org.springframework.context.support.AbstractApplicationContext.getBean(AbstractApplicationContext.java:1168)
	at org.springframework.context.support.AbstractApplicationContext.finishBeanFactoryInitialization(AbstractApplicationContext.java:919)
	at org.springframework.context.support.AbstractApplicationContext.refresh(AbstractApplicationContext.java:591)
	at org.springframework.boot.web.servlet.context.ServletWebServerApplicationContext.refresh(ServletWebServerApplicationContext.java:147)
	at org.springframework.boot.SpringApplication.refresh(SpringApplication.java:732)
	at org.springframework.boot.SpringApplication.refreshContext(SpringApplication.java:409)
	at org.springframework.boot.SpringApplication.run(SpringApplication.java:308)
	at org.springframework.boot.SpringApplication.run(SpringApplication.java:1300)
	at org.springframework.boot.SpringApplication.run(SpringApplication.java:1289)
	at com.unik.unikForma.UnikFormaApplication.main(UnikFormaApplication.java:15)
	at java.base/jdk.internal.reflect.DirectMethodHandleAccessor.invoke(DirectMethodHandleAccessor.java:103)
	at java.base/java.lang.reflect.Method.invoke(Method.java:580)
	at org.springframework.boot.devtools.restart.RestartLauncher.run(RestartLauncher.java:50)
Caused by: javax.persistence.PersistenceException: [PersistenceUnit: default] Unable to build Hibernate SessionFactory; nested exception is org.hibernate.tool.schema.spi.SchemaManagementException: Schema-validation: missing table [course]
	at org.springframework.orm.jpa.AbstractEntityManagerFactoryBean.buildNativeEntityManagerFactory(AbstractEntityManagerFactoryBean.java:421)
	at org.springframework.orm.jpa.AbstractEntityManagerFactoryBean.afterPropertiesSet(AbstractEntityManagerFactoryBean.java:396)
	at org.springframework.orm.jpa.LocalContainerEntityManagerFactoryBean.afterPropertiesSet(LocalContainerEntityManagerFactoryBean.java:341)
	at org.springframework.beans.factory.support.AbstractAutowireCapableBeanFactory.invokeInitMethods(AbstractAutowireCapableBeanFactory.java:1863)
	at org.springframework.beans.factory.support.AbstractAutowireCapableBeanFactory.initializeBean(AbstractAutowireCapableBeanFactory.java:1800)
	... 19 common frames omitted
Caused by: org.hibernate.tool.schema.spi.SchemaManagementException: Schema-validation: missing table [course]
	at org.hibernate.tool.schema.internal.AbstractSchemaValidator.validateTable(AbstractSchemaValidator.java:129)
	at org.hibernate.tool.schema.internal.GroupedSchemaValidatorImpl.validateTables(GroupedSchemaValidatorImpl.java:42)
	at org.hibernate.tool.schema.internal.AbstractSchemaValidator.performValidation(AbstractSchemaValidator.java:97)
	at org.hibernate.tool.schema.internal.AbstractSchemaValidator.doValidation(AbstractSchemaValidator.java:76)
	at org.hibernate.tool.schema.spi.SchemaManagementToolCoordinator.performDatabaseAction(SchemaManagementToolCoordinator.java:204)
	at org.hibernate.tool.schema.spi.SchemaManagementToolCoordinator.process(SchemaManagementToolCoordinator.java:85)
	at org.hibernate.internal.SessionFactoryImpl.<init>(SessionFactoryImpl.java:335)
	at org.hibernate.boot.internal.SessionFactoryBuilderImpl.build(SessionFactoryBuilderImpl.java:471)
	at org.hibernate.jpa.boot.internal.EntityManagerFactoryBuilderImpl.build(EntityManagerFactoryBuilderImpl.java:1498)
	at org.springframework.orm.jpa.vendor.SpringHibernateJpaPersistenceProvider.createContainerEntityManagerFactory(SpringHibernateJpaPersistenceProvider.java:58)
	at org.springframework.orm.jpa.LocalContainerEntityManagerFactoryBean.createNativeEntityManagerFactory(LocalContainerEntityManagerFactoryBean.java:365)
	at org.springframework.orm.jpa.AbstractEntityManagerFactoryBean.buildNativeEntityManagerFactory(AbstractEntityManagerFactoryBean.java:409)
	... 23 common frames omitted
2024-10-28 16:51:03 - HV000001: Hibernate Validator 6.2.5.Final
2024-10-28 16:51:03 - Starting UnikFormaApplication using Java 22.0.2 on DESKTOP-KCR8P9P with PID 14000 (C:\Users\douae\IdeaProjects\unikForma\target\classes started by douae in C:\Users\douae\IdeaProjects\unikForma)
2024-10-28 16:51:03 - The following 1 profile is active: "production"
2024-10-28 16:51:03 - Devtools property defaults active! Set 'spring.devtools.add-properties' to 'false' to disable
2024-10-28 16:51:03 - For additional web related logging consider setting the 'logging.level.web' property to 'DEBUG'
2024-10-28 16:51:03 - Bootstrapping Spring Data JPA repositories in DEFAULT mode.
2024-10-28 16:51:03 - Finished Spring Data repository scanning in 25 ms. Found 1 JPA repository interfaces.
2024-10-28 16:51:04 - Tomcat initialized with port(s): 8080 (http)
2024-10-28 16:51:04 - Initializing ProtocolHandler ["http-nio-8080"]
2024-10-28 16:51:04 - Starting service [Tomcat]
2024-10-28 16:51:04 - Starting Servlet engine: [Apache Tomcat/9.0.83]
2024-10-28 16:51:04 - Initializing Spring embedded WebApplicationContext
2024-10-28 16:51:04 - Root WebApplicationContext: initialization completed in 1119 ms
2024-10-28 16:51:04 - HikariPool-1 - Starting...
2024-10-28 16:51:04 - HikariPool-1 - Start completed.
2024-10-28 16:51:04 - H2 console available at '/h2-console'. Database available at 'jdbc:postgresql://localhost:5432/unikforma'
2024-10-28 16:51:04 - HHH000204: Processing PersistenceUnitInfo [name: default]
2024-10-28 16:51:04 - HHH000412: Hibernate ORM core version 5.6.15.Final
2024-10-28 16:51:04 - HCANN000001: Hibernate Commons Annotations {5.1.2.Final}
2024-10-28 16:51:05 - HHH000400: Using dialect: org.hibernate.dialect.PostgreSQLDialect
2024-10-28 16:51:05 - SQL Warning Code: 0, SQLState: 00000
2024-10-28 16:51:05 - table "course" does not exist, skipping
2024-10-28 16:51:05 - HHH000490: Using JtaPlatform implementation: [org.hibernate.engine.transaction.jta.platform.internal.NoJtaPlatform]
2024-10-28 16:51:05 - Initialized JPA EntityManagerFactory for persistence unit 'default'
2024-10-28 16:51:05 - spring.jpa.open-in-view is enabled by default. Therefore, database queries may be performed during view rendering. Explicitly configure spring.jpa.open-in-view to disable this warning
2024-10-28 16:51:06 - LiveReload server is running on port 35729
2024-10-28 16:51:06 - Starting ProtocolHandler ["http-nio-8080"]
2024-10-28 16:51:06 - Tomcat started on port(s): 8080 (http) with context path ''
2024-10-28 16:51:06 - Started UnikFormaApplication in 3.492 seconds (JVM running for 4.1)
2024-10-28 16:51:06 - Application has started successfully.
2024-10-28 16:51:25 - Initializing Spring DispatcherServlet 'dispatcherServlet'
2024-10-28 16:51:25 - Initializing Servlet 'dispatcherServlet'
2024-10-28 16:51:25 - Completed initialization in 1 ms
2024-10-28 16:51:25 - Resolved [org.springframework.web.bind.MethodArgumentNotValidException: Validation failed for argument [0] in public org.springframework.http.ResponseEntity<com.unik.unikForma.entity.Course> com.unik.unikForma.controller.CourseController.createCourse(com.unik.unikForma.entity.Course) with 2 errors: [Field error in object 'course' on field 'startDate': rejected value [2024-01-01]; codes [FutureOrPresent.course.startDate,FutureOrPresent.startDate,FutureOrPresent.java.time.LocalDate,FutureOrPresent]; arguments [org.springframework.context.support.DefaultMessageSourceResolvable: codes [course.startDate,startDate]; arguments []; default message [startDate]]; default message [Start date must be in the present or future]] [Field error in object 'course' on field 'endDate': rejected value [2024-02-01]; codes [Future.course.endDate,Future.endDate,Future.java.time.LocalDate,Future]; arguments [org.springframework.context.support.DefaultMessageSourceResolvable: codes [course.endDate,endDate]; arguments []; default message [endDate]]; default message [End date must be in the future]] ]
