2024-10-28 14:48:53 - Starting UnikFormaApplication using Java 22.0.2 on DESKTOP-KCR8P9P with PID 27916 (C:\Users\douae\IdeaProjects\unikForma\target\classes started by douae in C:\Users\douae\IdeaProjects\unikForma)
2024-10-28 14:48:53 - No active profile set, falling back to 1 default profile: "default"
2024-10-28 14:48:53 - Devtools property defaults active! Set 'spring.devtools.add-properties' to 'false' to disable
2024-10-28 14:48:53 - For additional web related logging consider setting the 'logging.level.web' property to 'DEBUG'
2024-10-28 14:48:53 - Bootstrapping Spring Data JPA repositories in DEFAULT mode.
2024-10-28 14:48:53 - Finished Spring Data repository scanning in 4 ms. Found 0 JPA repository interfaces.
2024-10-28 14:48:54 - Tomcat initialized with port(s): 8080 (http)
2024-10-28 14:48:54 - Initializing ProtocolHandler ["http-nio-8080"]
2024-10-28 14:48:54 - Starting service [Tomcat]
2024-10-28 14:48:54 - Starting Servlet engine: [Apache Tomcat/9.0.83]
2024-10-28 14:48:54 - Initializing Spring embedded WebApplicationContext
2024-10-28 14:48:54 - Root WebApplicationContext: initialization completed in 1318 ms
2024-10-28 14:48:54 - HikariPool-1 - Starting...
2024-10-28 14:48:54 - HikariPool-1 - Start completed.
2024-10-28 14:48:54 - H2 console available at '/h2-console'. Database available at 'jdbc:h2:mem:a95135f2-12d1-4ac5-8ebf-7466dbc0375b'
2024-10-28 14:48:54 - HHH000204: Processing PersistenceUnitInfo [name: default]
2024-10-28 14:48:54 - HHH000412: Hibernate ORM core version 5.6.15.Final
2024-10-28 14:48:55 - HCANN000001: Hibernate Commons Annotations {5.1.2.Final}
2024-10-28 14:48:55 - HHH000400: Using dialect: org.hibernate.dialect.H2Dialect
2024-10-28 14:48:55 - HHH000490: Using JtaPlatform implementation: [org.hibernate.engine.transaction.jta.platform.internal.NoJtaPlatform]
2024-10-28 14:48:55 - Initialized JPA EntityManagerFactory for persistence unit 'default'
2024-10-28 14:48:55 - spring.jpa.open-in-view is enabled by default. Therefore, database queries may be performed during view rendering. Explicitly configure spring.jpa.open-in-view to disable this warning
2024-10-28 14:48:56 - LiveReload server is running on port 35729
2024-10-28 14:48:56 - Starting ProtocolHandler ["http-nio-8080"]
2024-10-28 14:48:56 - Tomcat started on port(s): 8080 (http) with context path ''
2024-10-28 14:48:56 - Started UnikFormaApplication in 3.816 seconds (JVM running for 4.737)
2024-10-28 14:48:56 - Test logger
